\BOOKMARK [0][-]{chapter.1}{\376\377\0001\000\040\000C\000l\000a\000s\000s\000\040\000I\000n\000d\000e\000x}{}% 1
\BOOKMARK [1][-]{section.1.1}{\376\377\0001\000.\0001\000\040\000C\000l\000a\000s\000s\000\040\000L\000i\000s\000t}{chapter.1}% 2
\BOOKMARK [0][-]{chapter.2}{\376\377\0002\000\040\000F\000i\000l\000e\000\040\000I\000n\000d\000e\000x}{}% 3
\BOOKMARK [1][-]{section.2.1}{\376\377\0002\000.\0001\000\040\000F\000i\000l\000e\000\040\000L\000i\000s\000t}{chapter.2}% 4
\BOOKMARK [0][-]{chapter.3}{\376\377\0003\000\040\000C\000l\000a\000s\000s\000\040\000D\000o\000c\000u\000m\000e\000n\000t\000a\000t\000i\000o\000n}{}% 5
\BOOKMARK [1][-]{section.3.1}{\376\377\0003\000.\0001\000\040\000G\000r\000a\000p\000h\000\040\000C\000l\000a\000s\000s\000\040\000R\000e\000f\000e\000r\000e\000n\000c\000e}{chapter.3}% 6
\BOOKMARK [2][-]{subsection.3.1.1}{\376\377\0003\000.\0001\000.\0001\000\040\000D\000e\000t\000a\000i\000l\000e\000d\000\040\000D\000e\000s\000c\000r\000i\000p\000t\000i\000o\000n}{section.3.1}% 7
\BOOKMARK [2][-]{subsection.3.1.2}{\376\377\0003\000.\0001\000.\0002\000\040\000C\000o\000n\000s\000t\000r\000u\000c\000t\000o\000r\000\040\000\046\000\040\000D\000e\000s\000t\000r\000u\000c\000t\000o\000r\000\040\000D\000o\000c\000u\000m\000e\000n\000t\000a\000t\000i\000o\000n}{section.3.1}% 8
\BOOKMARK [3][-]{subsubsection.3.1.2.1}{\376\377\0003\000.\0001\000.\0002\000.\0001\000\040\000G\000r\000a\000p\000h\000\050\000\051}{subsection.3.1.2}% 9
\BOOKMARK [2][-]{subsection.3.1.3}{\376\377\0003\000.\0001\000.\0003\000\040\000M\000e\000m\000b\000e\000r\000\040\000F\000u\000n\000c\000t\000i\000o\000n\000\040\000D\000o\000c\000u\000m\000e\000n\000t\000a\000t\000i\000o\000n}{section.3.1}% 10
\BOOKMARK [3][-]{subsubsection.3.1.3.1}{\376\377\0003\000.\0001\000.\0003\000.\0001\000\040\000a\000d\000d\000E\000d\000g\000e\000\050\000\051}{subsection.3.1.3}% 11
\BOOKMARK [3][-]{subsubsection.3.1.3.2}{\376\377\0003\000.\0001\000.\0003\000.\0002\000\040\000a\000d\000j\000a\000c\000e\000n\000t\000\050\000\051}{subsection.3.1.3}% 12
\BOOKMARK [3][-]{subsubsection.3.1.3.3}{\376\377\0003\000.\0001\000.\0003\000.\0003\000\040\000g\000e\000n\000e\000r\000a\000t\000e\000E\000R\000G\000r\000a\000p\000h\000\050\000\051}{subsection.3.1.3}% 13
\BOOKMARK [3][-]{subsubsection.3.1.3.4}{\376\377\0003\000.\0001\000.\0003\000.\0004\000\040\000g\000e\000n\000e\000r\000a\000t\000e\000R\000G\000G\000r\000a\000p\000h\000\050\000\051}{subsection.3.1.3}% 14
\BOOKMARK [3][-]{subsubsection.3.1.3.5}{\376\377\0003\000.\0001\000.\0003\000.\0005\000\040\000g\000e\000t\000A\000d\000j\000a\000c\000e\000n\000c\000i\000e\000s\000\050\000\051}{subsection.3.1.3}% 15
\BOOKMARK [3][-]{subsubsection.3.1.3.6}{\376\377\0003\000.\0001\000.\0003\000.\0006\000\040\000g\000e\000t\000C\000o\000n\000n\000e\000c\000t\000e\000d\000C\000o\000m\000p\000o\000n\000e\000n\000t\000s\000\050\000\051}{subsection.3.1.3}% 16
\BOOKMARK [3][-]{subsubsection.3.1.3.7}{\376\377\0003\000.\0001\000.\0003\000.\0007\000\040\000g\000e\000t\000E\000d\000g\000e\000s\000\050\000\051}{subsection.3.1.3}% 17
\BOOKMARK [3][-]{subsubsection.3.1.3.8}{\376\377\0003\000.\0001\000.\0003\000.\0008\000\040\000g\000e\000t\000N\000u\000m\000b\000e\000r\000V\000e\000r\000t\000i\000c\000e\000s\000\050\000\051}{subsection.3.1.3}% 18
\BOOKMARK [3][-]{subsubsection.3.1.3.9}{\376\377\0003\000.\0001\000.\0003\000.\0009\000\040\000g\000e\000t\000V\000e\000r\000t\000i\000c\000e\000s\000\050\000\051}{subsection.3.1.3}% 19
\BOOKMARK [3][-]{subsubsection.3.1.3.10}{\376\377\0003\000.\0001\000.\0003\000.\0001\0000\000\040\000i\000s\000A\000c\000t\000i\000v\000e\000\050\000\051}{subsection.3.1.3}% 20
\BOOKMARK [3][-]{subsubsection.3.1.3.11}{\376\377\0003\000.\0001\000.\0003\000.\0001\0001\000\040\000s\000e\000t\000R\000a\000n\000d\000o\000m\000C\000o\000o\000r\000d\000i\000n\000a\000t\000e\000s\000\050\000\051}{subsection.3.1.3}% 21
\BOOKMARK [1][-]{section.3.2}{\376\377\0003\000.\0002\000\040\000G\000r\000e\000a\000t\000G\000r\000a\000p\000h\000\040\000C\000l\000a\000s\000s\000\040\000R\000e\000f\000e\000r\000e\000n\000c\000e}{chapter.3}% 22
\BOOKMARK [2][-]{subsection.3.2.1}{\376\377\0003\000.\0002\000.\0001\000\040\000D\000e\000t\000a\000i\000l\000e\000d\000\040\000D\000e\000s\000c\000r\000i\000p\000t\000i\000o\000n}{section.3.2}% 23
\BOOKMARK [1][-]{section.3.3}{\376\377\0003\000.\0003\000\040\000N\000o\000d\000e\000\040\000S\000t\000r\000u\000c\000t\000\040\000R\000e\000f\000e\000r\000e\000n\000c\000e}{chapter.3}% 24
\BOOKMARK [2][-]{subsection.3.3.1}{\376\377\0003\000.\0003\000.\0001\000\040\000D\000e\000t\000a\000i\000l\000e\000d\000\040\000D\000e\000s\000c\000r\000i\000p\000t\000i\000o\000n}{section.3.3}% 25
\BOOKMARK [1][-]{section.3.4}{\376\377\0003\000.\0004\000\040\000p\000r\000o\000b\000C\000o\000n\000n\000e\000x\000\040\000C\000l\000a\000s\000s\000\040\000R\000e\000f\000e\000r\000e\000n\000c\000e}{chapter.3}% 26
\BOOKMARK [2][-]{subsection.3.4.1}{\376\377\0003\000.\0004\000.\0001\000\040\000D\000e\000t\000a\000i\000l\000e\000d\000\040\000D\000e\000s\000c\000r\000i\000p\000t\000i\000o\000n}{section.3.4}% 27
\BOOKMARK [1][-]{section.3.5}{\376\377\0003\000.\0005\000\040\000U\000F\000n\000o\000d\000e\000\040\000S\000t\000r\000u\000c\000t\000\040\000R\000e\000f\000e\000r\000e\000n\000c\000e}{chapter.3}% 28
\BOOKMARK [2][-]{subsection.3.5.1}{\376\377\0003\000.\0005\000.\0001\000\040\000D\000e\000t\000a\000i\000l\000e\000d\000\040\000D\000e\000s\000c\000r\000i\000p\000t\000i\000o\000n}{section.3.5}% 29
\BOOKMARK [1][-]{section.3.6}{\376\377\0003\000.\0006\000\040\000U\000n\000i\000o\000n\000F\000i\000n\000d\000\040\000C\000l\000a\000s\000s\000\040\000R\000e\000f\000e\000r\000e\000n\000c\000e}{chapter.3}% 30
\BOOKMARK [2][-]{subsection.3.6.1}{\376\377\0003\000.\0006\000.\0001\000\040\000D\000e\000t\000a\000i\000l\000e\000d\000\040\000D\000e\000s\000c\000r\000i\000p\000t\000i\000o\000n}{section.3.6}% 31
\BOOKMARK [2][-]{subsection.3.6.2}{\376\377\0003\000.\0006\000.\0002\000\040\000C\000o\000n\000s\000t\000r\000u\000c\000t\000o\000r\000\040\000\046\000\040\000D\000e\000s\000t\000r\000u\000c\000t\000o\000r\000\040\000D\000o\000c\000u\000m\000e\000n\000t\000a\000t\000i\000o\000n}{section.3.6}% 32
\BOOKMARK [3][-]{subsubsection.3.6.2.1}{\376\377\0003\000.\0006\000.\0002\000.\0001\000\040\000U\000n\000i\000o\000n\000F\000i\000n\000d\000\050\000\051}{subsection.3.6.2}% 33
\BOOKMARK [2][-]{subsection.3.6.3}{\376\377\0003\000.\0006\000.\0003\000\040\000M\000e\000m\000b\000e\000r\000\040\000F\000u\000n\000c\000t\000i\000o\000n\000\040\000D\000o\000c\000u\000m\000e\000n\000t\000a\000t\000i\000o\000n}{section.3.6}% 34
\BOOKMARK [3][-]{subsubsection.3.6.3.1}{\376\377\0003\000.\0006\000.\0003\000.\0001\000\040\000e\000q\000u\000i\000v\000a\000l\000e\000n\000t\000\050\000\051}{subsection.3.6.3}% 35
\BOOKMARK [3][-]{subsubsection.3.6.3.2}{\376\377\0003\000.\0006\000.\0003\000.\0002\000\040\000f\000i\000n\000d\000\050\000\051}{subsection.3.6.3}% 36
\BOOKMARK [3][-]{subsubsection.3.6.3.3}{\376\377\0003\000.\0006\000.\0003\000.\0003\000\040\000g\000e\000t\000N\000C\000l\000a\000s\000s\000e\000s\000\050\000\051}{subsection.3.6.3}% 37
\BOOKMARK [3][-]{subsubsection.3.6.3.4}{\376\377\0003\000.\0006\000.\0003\000.\0004\000\040\000h\000a\000s\000N\000o\000d\000e\000\050\000\051}{subsection.3.6.3}% 38
\BOOKMARK [3][-]{subsubsection.3.6.3.5}{\376\377\0003\000.\0006\000.\0003\000.\0005\000\040\000m\000a\000k\000e\000S\000e\000t\000\050\000\051}{subsection.3.6.3}% 39
\BOOKMARK [3][-]{subsubsection.3.6.3.6}{\376\377\0003\000.\0006\000.\0003\000.\0006\000\040\000m\000a\000k\000e\000U\000n\000i\000o\000n\000\050\000\051}{subsection.3.6.3}% 40
\BOOKMARK [3][-]{subsubsection.3.6.3.7}{\376\377\0003\000.\0006\000.\0003\000.\0007\000\040\000t\000o\000S\000t\000r\000i\000n\000g\000\050\000\051}{subsection.3.6.3}% 41
\BOOKMARK [0][-]{chapter.4}{\376\377\0004\000\040\000F\000i\000l\000e\000\040\000D\000o\000c\000u\000m\000e\000n\000t\000a\000t\000i\000o\000n}{}% 42
\BOOKMARK [1][-]{section.4.1}{\376\377\0004\000.\0001\000\040\000G\000r\000a\000p\000h\000.\000h\000\040\000F\000i\000l\000e\000\040\000R\000e\000f\000e\000r\000e\000n\000c\000e}{chapter.4}% 43
\BOOKMARK [1][-]{section.4.2}{\376\377\0004\000.\0002\000\040\000G\000r\000e\000a\000t\000G\000r\000a\000p\000h\000.\000h\000\040\000F\000i\000l\000e\000\040\000R\000e\000f\000e\000r\000e\000n\000c\000e}{chapter.4}% 44
\BOOKMARK [2][-]{subsection.4.2.1}{\376\377\0004\000.\0002\000.\0001\000\040\000D\000e\000t\000a\000i\000l\000e\000d\000\040\000D\000e\000s\000c\000r\000i\000p\000t\000i\000o\000n}{section.4.2}% 45
\BOOKMARK [1][-]{section.4.3}{\376\377\0004\000.\0003\000\040\000p\000r\000o\000b\000C\000o\000n\000n\000e\000x\000.\000h\000\040\000F\000i\000l\000e\000\040\000R\000e\000f\000e\000r\000e\000n\000c\000e}{chapter.4}% 46
\BOOKMARK [2][-]{subsection.4.3.1}{\376\377\0004\000.\0003\000.\0001\000\040\000D\000e\000t\000a\000i\000l\000e\000d\000\040\000D\000e\000s\000c\000r\000i\000p\000t\000i\000o\000n}{section.4.3}% 47
\BOOKMARK [1][-]{section.4.4}{\376\377\0004\000.\0004\000\040\000U\000n\000i\000o\000n\000F\000i\000n\000d\000.\000h\000\040\000F\000i\000l\000e\000\040\000R\000e\000f\000e\000r\000e\000n\000c\000e}{chapter.4}% 48
\BOOKMARK [2][-]{subsection.4.4.1}{\376\377\0004\000.\0004\000.\0001\000\040\000D\000e\000t\000a\000i\000l\000e\000d\000\040\000D\000e\000s\000c\000r\000i\000p\000t\000i\000o\000n}{section.4.4}% 49
